2026.03.31 17:08:54 INFO  Started: Metals version 1.6.6 in folders '/Users/alberto/eclipse-workspace/LeetCode' for client Visual Studio Code 1.113.0.
2026.03.31 17:08:54 INFO  Memory monitor started
2026.03.31 17:08:56 WARN  Using H2 2.4.240 which is newer than the version Flyway has been verified with. The latest verified version of H2 is 2.3.232.
2026.03.31 17:08:58 WARN  no build tool detected in workspace '/Users/alberto/eclipse-workspace/LeetCode'. The most common cause for this problem is that the editor was opened in the wrong working directory, for example if you use sbt then the workspace directory should contain build.sbt. 
2026.03.31 17:08:58 WARN  Build server is not auto-connectable.
2026.03.31 17:08:58 WARN  no build target for: /Users/alberto/eclipse-workspace/LeetCode/Quest/Data Structures and Algorithms/Array II/Q2. How Many Numbers Are Smaller Than the Current Number/Solution.java
2026.03.31 17:08:59 WARN  Running javac-semanticdb failed for file:///Users/alberto/eclipse-workspace/LeetCode/Quest/Data%20Structures%20and%20Algorithms/Array%20II/Q2.%20How%20Many%20Numbers%20Are%20Smaller%20Than%20the%20Current%20Number/Solution.java. Output:

mar 31, 2026 5:09:00 P.M. org.eclipse.lsp4j.jsonrpc.services.GenericEndpoint notify
INFO: Unsupported notification method: $/setTrace
2026.03.31 17:10:35 WARN  no build target for: /Users/alberto/eclipse-workspace/LeetCode/Quest/Data Structures and Algorithms/Array II/Q2. How Many Numbers Are Smaller Than the Current Number/Solution.java
2026.03.31 17:11:37 INFO  Shutting down server
2026.03.31 17:11:37 INFO  Memory monitor stopped
2026.03.31 17:11:37 INFO  shutting down Metals
2026.03.31 17:11:37 INFO  Exiting server
2026.03.31 21:55:06 INFO  Started: Metals version 1.6.6 in folders '/Users/alberto/eclipse-workspace/LeetCode' for client Visual Studio Code 1.113.0.
2026.03.31 21:55:06 INFO  Memory monitor started
2026.03.31 21:55:13 WARN  Using H2 2.4.240 which is newer than the version Flyway has been verified with. The latest verified version of H2 is 2.3.232.
2026.03.31 21:55:14 INFO  no build target found for /Users/alberto/eclipse-workspace/LeetCode/Quest/Data Structures and Algorithms/Array II/Q2. How Many Numbers Are Smaller Than the Current Number/Solution.java. Using fallback presentation compiler.
2026.03.31 21:55:16 INFO  no build target found for /Users/alberto/eclipse-workspace/LeetCode/Quest/Data Structures and Algorithms/Array II/Q2. How Many Numbers Are Smaller Than the Current Number/Solution.java. Using fallback presentation compiler.
2026.03.31 21:55:16 WARN  no build tool detected in workspace '/Users/alberto/eclipse-workspace/LeetCode'. The most common cause for this problem is that the editor was opened in the wrong working directory, for example if you use sbt then the workspace directory should contain build.sbt. 
2026.03.31 21:55:16 WARN  Build server is not auto-connectable.
2026.03.31 21:55:16 WARN  no build target for: /Users/alberto/eclipse-workspace/LeetCode/Quest/Data Structures and Algorithms/Array II/Q2. How Many Numbers Are Smaller Than the Current Number/Solution.java
2026.03.31 21:55:17 WARN  Running javac-semanticdb failed for file:///Users/alberto/eclipse-workspace/LeetCode/Quest/Data%20Structures%20and%20Algorithms/Array%20II/Q2.%20How%20Many%20Numbers%20Are%20Smaller%20Than%20the%20Current%20Number/Solution.java. Output:

mar 31, 2026 9:55:17 P.M. org.eclipse.lsp4j.jsonrpc.RemoteEndpoint handleCancellation
WARNING: Unmatched cancel notification for request id 7
mar 31, 2026 9:55:17 P.M. org.eclipse.lsp4j.jsonrpc.RemoteEndpoint handleCancellation
WARNING: Unmatched cancel notification for request id 2
2026.03.31 21:55:17 INFO  no build target found for /Users/alberto/eclipse-workspace/LeetCode/Quest/Data Structures and Algorithms/Array II/Q2. How Many Numbers Are Smaller Than the Current Number/Solution.java. Using fallback presentation compiler.
2026.03.31 21:55:17 INFO  time: code lens generation in 1.02s
2026.03.31 21:55:17 INFO  no build target found for /Users/alberto/eclipse-workspace/LeetCode/Quest/Data Structures and Algorithms/Array II/Q2. How Many Numbers Are Smaller Than the Current Number/Solution.java. Using fallback presentation compiler.
2026.03.31 21:55:17 INFO  no build target found for /Users/alberto/eclipse-workspace/LeetCode/Quest/Data Structures and Algorithms/Array II/Q2. How Many Numbers Are Smaller Than the Current Number/Solution.java. Using fallback presentation compiler.
2026.03.31 21:55:17 INFO  no build target found for /Users/alberto/eclipse-workspace/LeetCode/Quest/Data Structures and Algorithms/Array II/Q2. How Many Numbers Are Smaller Than the Current Number/Solution.java. Using fallback presentation compiler.
mar 31, 2026 9:55:18 P.M. org.eclipse.lsp4j.jsonrpc.RemoteEndpoint handleCancellation
WARNING: Unmatched cancel notification for request id 8
mar 31, 2026 9:55:18 P.M. org.eclipse.lsp4j.jsonrpc.RemoteEndpoint handleCancellation
WARNING: Unmatched cancel notification for request id 9
mar 31, 2026 9:55:18 P.M. org.eclipse.lsp4j.jsonrpc.RemoteEndpoint handleCancellation
WARNING: Unmatched cancel notification for request id 10
2026.03.31 21:55:17 INFO  no build target found for /Users/alberto/eclipse-workspace/LeetCode/Quest/Data Structures and Algorithms/Array II/Q2. How Many Numbers Are Smaller Than the Current Number/Solution.java. Using fallback presentation compiler.
2026.03.31 21:55:17 INFO  no build target found for /Users/alberto/eclipse-workspace/LeetCode/Quest/Data Structures and Algorithms/Array II/Q2. How Many Numbers Are Smaller Than the Current Number/Solution.java. Using fallback presentation compiler.
mar 31, 2026 9:55:18 P.M. org.eclipse.lsp4j.jsonrpc.RemoteEndpoint handleCancellation
WARNING: Unmatched cancel notification for request id 3
mar 31, 2026 9:55:18 P.M. org.eclipse.lsp4j.jsonrpc.RemoteEndpoint handleCancellation
WARNING: Unmatched cancel notification for request id 13
mar 31, 2026 9:55:18 P.M. org.eclipse.lsp4j.jsonrpc.RemoteEndpoint handleCancellation
WARNING: Unmatched cancel notification for request id 11
2026.03.31 21:55:17 INFO  no build target found for /Users/alberto/eclipse-workspace/LeetCode/Quest/Data Structures and Algorithms/Array II/Q2. How Many Numbers Are Smaller Than the Current Number/Solution.java. Using fallback presentation compiler.
mar 31, 2026 9:55:18 P.M. org.eclipse.lsp4j.jsonrpc.RemoteEndpoint handleCancellation
WARNING: Unmatched cancel notification for request id 6
mar 31, 2026 9:55:18 P.M. org.eclipse.lsp4j.jsonrpc.RemoteEndpoint handleCancellation
WARNING: Unmatched cancel notification for request id 15
2026.03.31 21:55:17 INFO  no build target found for /Users/alberto/eclipse-workspace/LeetCode/Quest/Data Structures and Algorithms/Array II/Q2. How Many Numbers Are Smaller Than the Current Number/Solution.java. Using fallback presentation compiler.
mar 31, 2026 9:55:18 P.M. org.eclipse.lsp4j.jsonrpc.RemoteEndpoint handleCancellation
WARNING: Unmatched cancel notification for request id 16
2026.03.31 21:55:17 INFO  no build target found for /Users/alberto/eclipse-workspace/LeetCode/Quest/Data Structures and Algorithms/Array II/Q2. How Many Numbers Are Smaller Than the Current Number/Solution.java. Using fallback presentation compiler.
mar 31, 2026 9:55:18 P.M. org.eclipse.lsp4j.jsonrpc.RemoteEndpoint handleCancellation
WARNING: Unmatched cancel notification for request id 18
mar 31, 2026 9:55:18 P.M. org.eclipse.lsp4j.jsonrpc.RemoteEndpoint handleCancellation
WARNING: Unmatched cancel notification for request id 5
2026.03.31 21:55:17 INFO  no build target found for /Users/alberto/eclipse-workspace/LeetCode/Quest/Data Structures and Algorithms/Array II/Q2. How Many Numbers Are Smaller Than the Current Number/Solution.java. Using fallback presentation compiler.
2026.03.31 21:55:17 INFO  no build target found for /Users/alberto/eclipse-workspace/LeetCode/Quest/Data Structures and Algorithms/Array II/Q2. How Many Numbers Are Smaller Than the Current Number/Solution.java. Using fallback presentation compiler.
mar 31, 2026 9:55:18 P.M. org.eclipse.lsp4j.jsonrpc.RemoteEndpoint handleCancellation
WARNING: Unmatched cancel notification for request id 14
mar 31, 2026 9:55:18 P.M. org.eclipse.lsp4j.jsonrpc.RemoteEndpoint handleCancellation
WARNING: Unmatched cancel notification for request id 19
mar 31, 2026 9:55:18 P.M. org.eclipse.lsp4j.jsonrpc.RemoteEndpoint handleCancellation
WARNING: Unmatched cancel notification for request id 23
2026.03.31 21:55:18 INFO  no build target found for /Users/alberto/eclipse-workspace/LeetCode/Quest/Data Structures and Algorithms/Array II/Q2. How Many Numbers Are Smaller Than the Current Number/Solution.java. Using fallback presentation compiler.
2026.03.31 21:55:18 INFO  no build target found for /Users/alberto/eclipse-workspace/LeetCode/Quest/Data Structures and Algorithms/Array II/Q2. How Many Numbers Are Smaller Than the Current Number/Solution.java. Using fallback presentation compiler.
2026.03.31 21:55:18 WARN  Running javac-semanticdb failed for file:///Users/alberto/eclipse-workspace/LeetCode/Quest/Data%20Structures%20and%20Algorithms/Array%20II/Q2.%20How%20Many%20Numbers%20Are%20Smaller%20Than%20the%20Current%20Number/Solution.java. Output:

mar 31, 2026 9:55:18 P.M. org.eclipse.lsp4j.jsonrpc.RemoteEndpoint handleCancellation
WARNING: Unmatched cancel notification for request id 27
mar 31, 2026 9:55:18 P.M. org.eclipse.lsp4j.jsonrpc.RemoteEndpoint handleCancellation
WARNING: Unmatched cancel notification for request id 21
2026.03.31 21:55:18 INFO  no build target found for /Users/alberto/eclipse-workspace/LeetCode/Quest/Data Structures and Algorithms/Array II/Q2. How Many Numbers Are Smaller Than the Current Number/Solution.java. Using fallback presentation compiler.
2026.03.31 21:55:18 INFO  no build target found for /Users/alberto/eclipse-workspace/LeetCode/Quest/Data Structures and Algorithms/Array II/Q2. How Many Numbers Are Smaller Than the Current Number/Solution.java. Using fallback presentation compiler.
mar 31, 2026 9:55:19 P.M. org.eclipse.lsp4j.jsonrpc.RemoteEndpoint handleCancellation
WARNING: Unmatched cancel notification for request id 28
mar 31, 2026 9:55:19 P.M. org.eclipse.lsp4j.jsonrpc.RemoteEndpoint handleCancellation
WARNING: Unmatched cancel notification for request id 29
2026.03.31 21:55:18 INFO  no build target found for /Users/alberto/eclipse-workspace/LeetCode/Quest/Data Structures and Algorithms/Array II/Q2. How Many Numbers Are Smaller Than the Current Number/Solution.java. Using fallback presentation compiler.
2026.03.31 21:55:18 INFO  no build target found for /Users/alberto/eclipse-workspace/LeetCode/Quest/Data Structures and Algorithms/Array II/Q2. How Many Numbers Are Smaller Than the Current Number/Solution.java. Using fallback presentation compiler.
2026.03.31 21:55:19 WARN  Running javac-semanticdb failed for file:///Users/alberto/eclipse-workspace/LeetCode/Quest/Data%20Structures%20and%20Algorithms/Array%20II/Q2.%20How%20Many%20Numbers%20Are%20Smaller%20Than%20the%20Current%20Number/Solution.java. Output:

2026.03.31 21:55:19 INFO  no build target found for /Users/alberto/eclipse-workspace/LeetCode/Quest/Data Structures and Algorithms/Array II/Q2. How Many Numbers Are Smaller Than the Current Number/Solution.java. Using fallback presentation compiler.
2026.03.31 22:20:32 INFO  no build target found for /Users/alberto/eclipse-workspace/LeetCode/Quest/Data Structures and Algorithms/Array II/Q2. How Many Numbers Are Smaller Than the Current Number/Solution.java. Using fallback presentation compiler.
mar 31, 2026 10:20:33 P.M. org.eclipse.lsp4j.jsonrpc.RemoteEndpoint handleCancellation
WARNING: Unmatched cancel notification for request id 41
2026.03.31 22:20:32 INFO  no build target found for /Users/alberto/eclipse-workspace/LeetCode/Quest/Data Structures and Algorithms/Array II/Q2. How Many Numbers Are Smaller Than the Current Number/Solution.java. Using fallback presentation compiler.
2026.04.01 09:52:18 INFO  no build target found for /Users/alberto/eclipse-workspace/LeetCode/Quest/Data Structures and Algorithms/Array II/Q2. How Many Numbers Are Smaller Than the Current Number/Solution.java. Using fallback presentation compiler.
2026.04.01 09:52:20 INFO  no build target found for /Users/alberto/eclipse-workspace/LeetCode/Quest/Data Structures and Algorithms/Array II/Q2. How Many Numbers Are Smaller Than the Current Number/Solution.java. Using fallback presentation compiler.
2026.04.01 09:52:20 INFO  no build target found for /Users/alberto/eclipse-workspace/LeetCode/Quest/Data Structures and Algorithms/Array II/Q2. How Many Numbers Are Smaller Than the Current Number/Solution.java. Using fallback presentation compiler.
2026.04.01 09:52:21 INFO  no build target found for /Users/alberto/eclipse-workspace/LeetCode/Quest/Data Structures and Algorithms/Array II/Q2. How Many Numbers Are Smaller Than the Current Number/Solution.java. Using fallback presentation compiler.
2026.04.01 09:52:21 INFO  no build target found for /Users/alberto/eclipse-workspace/LeetCode/Quest/Data Structures and Algorithms/Array II/Q2. How Many Numbers Are Smaller Than the Current Number/Solution.java. Using fallback presentation compiler.
2026.04.01 09:52:21 INFO  no build target found for /Users/alberto/eclipse-workspace/LeetCode/Quest/Data Structures and Algorithms/Array II/Q2. How Many Numbers Are Smaller Than the Current Number/Solution.java. Using fallback presentation compiler.
2026.04.01 09:52:23 INFO  no build target found for /Users/alberto/eclipse-workspace/LeetCode/Quest/Data Structures and Algorithms/Array II/Q2. How Many Numbers Are Smaller Than the Current Number/Solution.java. Using fallback presentation compiler.
2026.04.01 09:52:23 INFO  no build target found for /Users/alberto/eclipse-workspace/LeetCode/Quest/Data Structures and Algorithms/Array II/Q2. How Many Numbers Are Smaller Than the Current Number/Solution.java. Using fallback presentation compiler.
2026.04.01 09:52:23 INFO  no build target found for /Users/alberto/eclipse-workspace/LeetCode/Quest/Data Structures and Algorithms/Array II/Q2. How Many Numbers Are Smaller Than the Current Number/Solution.java. Using fallback presentation compiler.
2026.04.01 09:52:23 INFO  no build target found for /Users/alberto/eclipse-workspace/LeetCode/Quest/Data Structures and Algorithms/Array II/Q2. How Many Numbers Are Smaller Than the Current Number/Solution.java. Using fallback presentation compiler.
2026.04.01 09:52:23 INFO  no build target found for /Users/alberto/eclipse-workspace/LeetCode/Quest/Data Structures and Algorithms/Array II/Q2. How Many Numbers Are Smaller Than the Current Number/Solution.java. Using fallback presentation compiler.
2026.04.01 09:52:23 INFO  no build target found for /Users/alberto/eclipse-workspace/LeetCode/Quest/Data Structures and Algorithms/Array II/Q2. How Many Numbers Are Smaller Than the Current Number/Solution.java. Using fallback presentation compiler.
2026.04.01 09:52:24 INFO  no build target found for /Users/alberto/eclipse-workspace/LeetCode/Quest/Data Structures and Algorithms/Array II/Q2. How Many Numbers Are Smaller Than the Current Number/Solution.java. Using fallback presentation compiler.
2026.04.01 09:52:24 WARN  Running javac-semanticdb failed for file:///Users/alberto/eclipse-workspace/LeetCode/Quest/Data%20Structures%20and%20Algorithms/Array%20II/Q2.%20How%20Many%20Numbers%20Are%20Smaller%20Than%20the%20Current%20Number/Solution.java. Output:

2026.04.01 09:52:25 INFO  no build target found for /Users/alberto/eclipse-workspace/LeetCode/Quest/Data Structures and Algorithms/Array II/Q2. How Many Numbers Are Smaller Than the Current Number/Solution.java. Using fallback presentation compiler.
2026.04.01 09:52:25 INFO  no build target found for /Users/alberto/eclipse-workspace/LeetCode/Quest/Data Structures and Algorithms/Array II/Q2. How Many Numbers Are Smaller Than the Current Number/Solution.java. Using fallback presentation compiler.
2026.04.01 09:52:26 WARN  Running javac-semanticdb failed for file:///Users/alberto/eclipse-workspace/LeetCode/Quest/Data%20Structures%20and%20Algorithms/Array%20II/Q2.%20How%20Many%20Numbers%20Are%20Smaller%20Than%20the%20Current%20Number/Solution.java. Output:

2026.04.01 09:52:26 INFO  no build target found for /Users/alberto/eclipse-workspace/LeetCode/Quest/Data Structures and Algorithms/Array II/Q2. How Many Numbers Are Smaller Than the Current Number/Solution.java. Using fallback presentation compiler.
2026.04.01 09:52:28 WARN  no build target for: /Users/alberto/eclipse-workspace/LeetCode/Quest/Data Structures and Algorithms/Array II/Q2. How Many Numbers Are Smaller Than the Current Number/Solution.java
2026.04.01 09:52:28 INFO  no build target found for /Users/alberto/eclipse-workspace/LeetCode/Quest/Data Structures and Algorithms/Array II/Q2. How Many Numbers Are Smaller Than the Current Number/Solution.java. Using fallback presentation compiler.
2026.04.01 09:52:32 INFO  Shutting down server
2026.04.01 09:52:32 INFO  Memory monitor stopped
2026.04.01 09:52:32 INFO  shutting down Metals
2026.04.01 09:52:32 INFO  Exiting server
2026.04.05 22:01:09 INFO  Started: Metals version 1.6.6 in folders '/Users/alberto/eclipse-workspace/LeetCode' for client Visual Studio Code 1.113.0.
2026.04.05 22:01:09 INFO  Memory monitor started
2026.04.05 22:01:13 WARN  Using H2 2.4.240 which is newer than the version Flyway has been verified with. The latest verified version of H2 is 2.3.232.
2026.04.05 22:01:15 INFO  no build target found for /Users/alberto/eclipse-workspace/LeetCode/Daily Question/657. Robot Return to Origin/Solution.java. Using fallback presentation compiler.
2026.04.05 22:01:15 WARN  no build tool detected in workspace '/Users/alberto/eclipse-workspace/LeetCode'. The most common cause for this problem is that the editor was opened in the wrong working directory, for example if you use sbt then the workspace directory should contain build.sbt. 
2026.04.05 22:01:15 WARN  Build server is not auto-connectable.
2026.04.05 22:01:15 WARN  no build target for: /Users/alberto/eclipse-workspace/LeetCode/Daily Question/657. Robot Return to Origin/Solution.java
2026.04.05 22:01:17 WARN  Running javac-semanticdb failed for file:///Users/alberto/eclipse-workspace/LeetCode/Daily%20Question/657.%20Robot%20Return%20to%20Origin/Solution.java. Output:

2026.04.05 22:01:17 INFO  time: code lens generation in 2.25s
2026.04.05 22:01:17 INFO  no build target found for /Users/alberto/eclipse-workspace/LeetCode/Daily Question/657. Robot Return to Origin/Solution.java. Using fallback presentation compiler.
2026.04.05 22:01:30 INFO  no build target found for /Users/alberto/eclipse-workspace/LeetCode/Daily Question/657. Robot Return to Origin/Solution.java. Using fallback presentation compiler.
2026.04.05 22:01:30 INFO  no build target found for /Users/alberto/eclipse-workspace/LeetCode/Daily Question/657. Robot Return to Origin/Solution.java. Using fallback presentation compiler.
2026.04.05 22:01:30 INFO  no build target found for /Users/alberto/eclipse-workspace/LeetCode/Daily Question/657. Robot Return to Origin/Solution.java. Using fallback presentation compiler.
2026.04.05 22:01:33 INFO  no build target found for /Users/alberto/eclipse-workspace/LeetCode/Daily Question/657. Robot Return to Origin/Solution.java. Using fallback presentation compiler.
abr 05, 2026 10:02:13 P.M. org.eclipse.lsp4j.jsonrpc.services.GenericEndpoint notify
INFO: Unsupported notification method: $/setTrace
2026.04.05 22:04:22 WARN  no build target for: /Users/alberto/eclipse-workspace/LeetCode/Daily Question/657. Robot Return to Origin/Solution.java
2026.04.05 22:04:22 WARN  Running javac-semanticdb failed for file:///Users/alberto/eclipse-workspace/LeetCode/Daily%20Question/657.%20Robot%20Return%20to%20Origin/Solution.java. Output:

2026.04.05 22:08:32 INFO  no build target found for /Users/alberto/eclipse-workspace/LeetCode/Daily Question/657. Robot Return to Origin/Solution.java. Using fallback presentation compiler.
2026.04.05 22:08:33 WARN  no build target for: /Users/alberto/eclipse-workspace/LeetCode/Daily Question/657. Robot Return to Origin/Solution.java
abr 05, 2026 10:08:33 P.M. org.eclipse.lsp4j.jsonrpc.RemoteEndpoint handleCancellation
WARNING: Unmatched cancel notification for request id 19
2026.04.05 22:08:33 INFO  no build target found for /Users/alberto/eclipse-workspace/LeetCode/Daily Question/657. Robot Return to Origin/Solution.java. Using fallback presentation compiler.
2026.04.05 22:10:21 INFO  Shutting down server
2026.04.05 22:10:21 INFO  Memory monitor stopped
2026.04.05 22:10:21 INFO  shutting down Metals
2026.04.05 22:10:21 INFO  Exiting server
2026.04.05 22:11:10 INFO  Started: Metals version 1.6.6 in folders '/Users/alberto/eclipse-workspace/LeetCode' for client Visual Studio Code 1.113.0.
2026.04.05 22:11:10 INFO  Memory monitor started
2026.04.05 22:11:13 WARN  Using H2 2.4.240 which is newer than the version Flyway has been verified with. The latest verified version of H2 is 2.3.232.
2026.04.05 22:11:14 INFO  no build target found for /Users/alberto/eclipse-workspace/LeetCode/Daily Question/657. Robot Return to Origin/Solution.java. Using fallback presentation compiler.
2026.04.05 22:11:14 WARN  no build tool detected in workspace '/Users/alberto/eclipse-workspace/LeetCode'. The most common cause for this problem is that the editor was opened in the wrong working directory, for example if you use sbt then the workspace directory should contain build.sbt. 
2026.04.05 22:11:14 WARN  Build server is not auto-connectable.
2026.04.05 22:11:14 WARN  no build target for: /Users/alberto/eclipse-workspace/LeetCode/Daily Question/657. Robot Return to Origin/Solution.java
2026.04.05 22:11:14 INFO  no build target found for /Users/alberto/eclipse-workspace/LeetCode/Daily Question/657. Robot Return to Origin/Solution.java. Using fallback presentation compiler.
2026.04.05 22:11:15 WARN  Running javac-semanticdb failed for file:///Users/alberto/eclipse-workspace/LeetCode/Daily%20Question/657.%20Robot%20Return%20to%20Origin/Solution.java. Output:

2026.04.05 22:11:15 INFO  time: code lens generation in 1.5s
2026.04.05 22:30:17 INFO  Shutting down server
2026.04.05 22:30:17 INFO  Memory monitor stopped
2026.04.05 22:30:17 INFO  shutting down Metals
2026.04.05 22:30:17 INFO  Exiting server
2026.04.05 22:31:13 INFO  Started: Metals version 1.6.6 in folders '/Users/alberto/eclipse-workspace/LeetCode' for client Visual Studio Code 1.113.0.
2026.04.05 22:31:13 INFO  Memory monitor started
2026.04.05 22:31:19 WARN  Using H2 2.4.240 which is newer than the version Flyway has been verified with. The latest verified version of H2 is 2.3.232.
2026.04.05 22:31:21 WARN  no build tool detected in workspace '/Users/alberto/eclipse-workspace/LeetCode'. The most common cause for this problem is that the editor was opened in the wrong working directory, for example if you use sbt then the workspace directory should contain build.sbt. 
2026.04.05 22:31:21 WARN  Build server is not auto-connectable.
2026.04.05 22:31:21 WARN  no build target for: /Users/alberto/eclipse-workspace/LeetCode/Daily Question/657. Robot Return to Origin/Solution.java
2026.04.05 22:31:24 WARN  Running javac-semanticdb failed for file:///Users/alberto/eclipse-workspace/LeetCode/Daily%20Question/657.%20Robot%20Return%20to%20Origin/Solution.java. Output:

abr 05, 2026 10:31:28 P.M. org.eclipse.lsp4j.jsonrpc.services.GenericEndpoint notify
INFO: Unsupported notification method: $/setTrace
2026.04.05 22:32:10 INFO  Shutting down server
2026.04.05 22:32:10 INFO  Memory monitor stopped
2026.04.05 22:32:10 INFO  shutting down Metals
2026.04.05 22:32:10 INFO  Exiting server
2026.04.13 23:03:47 INFO  Started: Metals version 1.6.6 in folders '/Users/alberto/eclipse-workspace/LeetCode' for client Visual Studio Code 1.114.0.
2026.04.13 23:03:47 INFO  Memory monitor started
2026.04.13 23:03:50 WARN  Using H2 2.4.240 which is newer than the version Flyway has been verified with. The latest verified version of H2 is 2.3.232.
2026.04.13 23:03:50 INFO  no build target found for /Users/alberto/eclipse-workspace/LeetCode/Daily Question/1848. Minimum Distance to the Target Element/Solution.java. Using fallback presentation compiler.
2026.04.13 23:03:52 INFO  no build target found for /Users/alberto/eclipse-workspace/LeetCode/Daily Question/1848. Minimum Distance to the Target Element/Solution.java. Using fallback presentation compiler.
abr 13, 2026 11:03:52 P.M. org.eclipse.lsp4j.jsonrpc.RemoteEndpoint handleCancellation
WARNING: Unmatched cancel notification for request id 1
2026.04.13 23:03:53 WARN  no build tool detected in workspace '/Users/alberto/eclipse-workspace/LeetCode'. The most common cause for this problem is that the editor was opened in the wrong working directory, for example if you use sbt then the workspace directory should contain build.sbt. 
2026.04.13 23:03:53 WARN  Build server is not auto-connectable.
2026.04.13 23:03:53 WARN  no build target for: /Users/alberto/eclipse-workspace/LeetCode/Daily Question/1848. Minimum Distance to the Target Element/Solution.java
2026.04.13 23:03:54 WARN  Running javac-semanticdb failed for file:///Users/alberto/eclipse-workspace/LeetCode/Daily%20Question/1848.%20Minimum%20Distance%20to%20the%20Target%20Element/Solution.java. Output:

2026.04.13 23:03:54 INFO  time: code lens generation in 1.45s
abr 13, 2026 11:04:15 P.M. org.eclipse.lsp4j.jsonrpc.services.GenericEndpoint notify
INFO: Unsupported notification method: $/setTrace
2026.04.13 23:06:48 WARN  no build target for: /Users/alberto/eclipse-workspace/LeetCode/Daily Question/1848. Minimum Distance to the Target Element/Solution.java
2026.04.14 01:32:46 INFO  Shutting down server
2026.04.14 01:32:46 INFO  Memory monitor stopped
2026.04.14 01:32:46 INFO  shutting down Metals
2026.04.14 01:32:46 INFO  Exiting server
2026.04.19 15:30:12 INFO  Started: Metals version 1.6.7 in folders '/Users/alberto/eclipse-workspace/LeetCode' for client Visual Studio Code 1.115.0.
2026.04.19 15:30:12 INFO  Memory monitor started
2026.04.19 15:30:18 WARN  Using H2 2.4.240 which is newer than the version Flyway has been verified with. The latest verified version of H2 is 2.3.232.
2026.04.19 15:30:21 WARN  no build tool detected in workspace '/Users/alberto/eclipse-workspace/LeetCode'. The most common cause for this problem is that the editor was opened in the wrong working directory, for example if you use sbt then the workspace directory should contain build.sbt. 
2026.04.19 15:30:21 WARN  Build server is not auto-connectable.
2026.04.19 15:30:21 WARN  no build target for: /Users/alberto/eclipse-workspace/LeetCode/Daily Question/3783. Mirror Distance of an Integer/Solution.java
2026.04.19 15:30:24 WARN  Running javac-semanticdb failed for file:///Users/alberto/eclipse-workspace/LeetCode/Daily%20Question/3783.%20Mirror%20Distance%20of%20an%20Integer/Solution.java. Output:

abr 19, 2026 3:32:04 P.M. org.eclipse.lsp4j.jsonrpc.services.GenericEndpoint notify
INFO: Unsupported notification method: $/setTrace
2026.04.19 15:34:46 WARN  no build target for: /Users/alberto/eclipse-workspace/LeetCode/Daily Question/3783. Mirror Distance of an Integer/Solution.java
2026.04.19 15:34:56 INFO  no build target found for /Users/alberto/eclipse-workspace/LeetCode/Daily Question/3783. Mirror Distance of an Integer/Solution.java. Using fallback presentation compiler.
2026.04.20 00:39:30 INFO  Shutting down server
2026.04.20 00:39:30 INFO  Memory monitor stopped
2026.04.20 00:39:30 INFO  shutting down Metals
2026.04.20 00:39:30 INFO  Exiting server
2026.04.20 16:33:42 INFO  Started: Metals version 1.6.7 in folders '/Users/alberto/eclipse-workspace/LeetCode' for client Visual Studio Code 1.116.0.
2026.04.20 16:33:42 INFO  Memory monitor started
2026.04.20 16:33:48 WARN  Using H2 2.4.240 which is newer than the version Flyway has been verified with. The latest verified version of H2 is 2.3.232.
2026.04.20 16:33:49 WARN  no build tool detected in workspace '/Users/alberto/eclipse-workspace/LeetCode'. The most common cause for this problem is that the editor was opened in the wrong working directory, for example if you use sbt then the workspace directory should contain build.sbt. 
2026.04.20 16:33:49 WARN  Build server is not auto-connectable.
2026.04.20 16:33:49 WARN  no build target for: /Users/alberto/eclipse-workspace/LeetCode/Daily Question/2078. Two Furthest Houses With Different Colors/Solution.java
2026.04.20 16:33:51 WARN  Running javac-semanticdb failed for file:///Users/alberto/eclipse-workspace/LeetCode/Daily%20Question/2078.%20Two%20Furthest%20Houses%20With%20Different%20Colors/Solution.java. Output:

abr 20, 2026 4:34:01 P.M. org.eclipse.lsp4j.jsonrpc.services.GenericEndpoint notify
INFO: Unsupported notification method: $/setTrace
2026.04.20 16:35:48 WARN  no build target for: /Users/alberto/eclipse-workspace/LeetCode/Daily Question/2078. Two Furthest Houses With Different Colors/Solution.java
2026.04.20 16:37:09 INFO  Shutting down server
2026.04.20 16:37:09 INFO  Memory monitor stopped
2026.04.20 16:37:09 INFO  shutting down Metals
2026.04.20 16:37:09 INFO  Exiting server
2026.04.20 16:37:56 INFO  Started: Metals version 1.6.7 in folders '/Users/alberto/eclipse-workspace/LeetCode' for client Visual Studio Code 1.116.0.
2026.04.22 17:30:48 INFO  Started: Metals version 1.6.7 in folders '/Users/alberto/eclipse-workspace/LeetCode' for client Visual Studio Code 1.116.0.
2026.04.22 17:30:48 INFO  Memory monitor started
2026.04.22 17:30:56 WARN  Using H2 2.4.240 which is newer than the version Flyway has been verified with. The latest verified version of H2 is 2.3.232.
2026.04.22 17:30:58 INFO  no build target found for /Users/alberto/eclipse-workspace/LeetCode/Daily Question/2452. Words Within Two Edits of Dictionary/Solution.java. Using fallback presentation compiler.
abr 22, 2026 5:30:59 P.M. org.eclipse.lsp4j.jsonrpc.RemoteEndpoint handleCancellation
WARNING: Unmatched cancel notification for request id 2
2026.04.22 17:31:00 INFO  no build target found for /Users/alberto/eclipse-workspace/LeetCode/Daily Question/2452. Words Within Two Edits of Dictionary/Solution.java. Using fallback presentation compiler.
abr 22, 2026 5:31:00 P.M. org.eclipse.lsp4j.jsonrpc.RemoteEndpoint handleCancellation
WARNING: Unmatched cancel notification for request id 8
2026.04.22 17:31:00 WARN  no build tool detected in workspace '/Users/alberto/eclipse-workspace/LeetCode'. The most common cause for this problem is that the editor was opened in the wrong working directory, for example if you use sbt then the workspace directory should contain build.sbt. 
2026.04.22 17:31:00 INFO  no build target found for /Users/alberto/eclipse-workspace/LeetCode/Daily Question/2452. Words Within Two Edits of Dictionary/Solution.java. Using fallback presentation compiler.
2026.04.22 17:31:00 WARN  Build server is not auto-connectable.
2026.04.22 17:31:00 WARN  no build target for: /Users/alberto/eclipse-workspace/LeetCode/Daily Question/2452. Words Within Two Edits of Dictionary/Solution.java
2026.04.22 17:31:00 INFO  no build target found for /Users/alberto/eclipse-workspace/LeetCode/Daily Question/2452. Words Within Two Edits of Dictionary/Solution.java. Using fallback presentation compiler.
abr 22, 2026 5:31:00 P.M. org.eclipse.lsp4j.jsonrpc.RemoteEndpoint handleCancellation
WARNING: Unmatched cancel notification for request id 5
abr 22, 2026 5:31:00 P.M. org.eclipse.lsp4j.jsonrpc.RemoteEndpoint handleCancellation
WARNING: Unmatched cancel notification for request id 10
abr 22, 2026 5:31:00 P.M. org.eclipse.lsp4j.jsonrpc.RemoteEndpoint handleCancellation
WARNING: Unmatched cancel notification for request id 7
abr 22, 2026 5:31:00 P.M. org.eclipse.lsp4j.jsonrpc.RemoteEndpoint handleCancellation
WARNING: Unmatched cancel notification for request id 1
2026.04.22 17:31:03 WARN  Running javac-semanticdb failed for file:///Users/alberto/eclipse-workspace/LeetCode/Daily%20Question/2452.%20Words%20Within%20Two%20Edits%20of%20Dictionary/Solution.java. Output:

2026.04.22 17:31:03 INFO  time: code lens generation in 2.84s
2026.04.22 17:31:03 INFO  time: code lens generation in 2.84s
2026.04.22 17:31:03 INFO  time: code lens generation in 3.09s
abr 22, 2026 5:31:18 P.M. org.eclipse.lsp4j.jsonrpc.services.GenericEndpoint notify
INFO: Unsupported notification method: $/setTrace
2026.04.22 17:33:45 WARN  no build target for: /Users/alberto/eclipse-workspace/LeetCode/Daily Question/2452. Words Within Two Edits of Dictionary/Solution.java
2026.04.22 17:35:10 INFO  Shutting down server
2026.04.22 17:35:10 INFO  Memory monitor stopped
2026.04.22 17:35:10 INFO  shutting down Metals
2026.04.22 17:35:10 INFO  Exiting server
2026.04.24 16:46:43 INFO  Started: Metals version 1.6.7 in folders '/Users/alberto/eclipse-workspace/LeetCode' for client Visual Studio Code 1.116.0.
2026.04.24 16:46:43 INFO  Memory monitor started
2026.04.24 16:46:49 WARN  Using H2 2.4.240 which is newer than the version Flyway has been verified with. The latest verified version of H2 is 2.3.232.
2026.04.24 16:46:51 WARN  no build tool detected in workspace '/Users/alberto/eclipse-workspace/LeetCode'. The most common cause for this problem is that the editor was opened in the wrong working directory, for example if you use sbt then the workspace directory should contain build.sbt. 
2026.04.24 16:46:51 WARN  Build server is not auto-connectable.
2026.04.24 16:46:51 WARN  no build target for: /Users/alberto/eclipse-workspace/LeetCode/Daily Question/2452. Words Within Two Edits of Dictionary/Solution.java
2026.04.24 16:46:53 WARN  Running javac-semanticdb failed for file:///Users/alberto/eclipse-workspace/LeetCode/Daily%20Question/2452.%20Words%20Within%20Two%20Edits%20of%20Dictionary/Solution.java. Output:

2026.04.24 16:47:47 WARN  no build target for: /Users/alberto/eclipse-workspace/LeetCode/Daily Question/2833. Furthest Point From Origin/Solution.java
2026.04.24 16:47:47 INFO  no build target found for /Users/alberto/eclipse-workspace/LeetCode/Daily Question/2833. Furthest Point From Origin/Solution.java. Using fallback presentation compiler.
2026.04.24 16:47:48 WARN  Running javac-semanticdb failed for file:///Users/alberto/eclipse-workspace/LeetCode/Daily%20Question/2833.%20Furthest%20Point%20From%20Origin/Solution.java. Output:

2026.04.24 16:47:47 INFO  no build target found for /Users/alberto/eclipse-workspace/LeetCode/Daily Question/2833. Furthest Point From Origin/Solution.java. Using fallback presentation compiler.
2026.04.24 16:47:50 INFO  no build target found for /Users/alberto/eclipse-workspace/LeetCode/Daily Question/2833. Furthest Point From Origin/Solution.java. Using fallback presentation compiler.
abr 24, 2026 4:47:50 P.M. org.eclipse.lsp4j.jsonrpc.RemoteEndpoint handleCancellation
WARNING: Unmatched cancel notification for request id 1
2026.04.24 16:47:50 INFO  no build target found for /Users/alberto/eclipse-workspace/LeetCode/Daily Question/2833. Furthest Point From Origin/Solution.java. Using fallback presentation compiler.
2026.04.24 16:47:50 WARN  no build target for: /Users/alberto/eclipse-workspace/LeetCode/Daily Question/2833. Furthest Point From Origin/Solution.java
2026.04.24 16:47:50 INFO  no build target found for /Users/alberto/eclipse-workspace/LeetCode/Daily Question/2833. Furthest Point From Origin/Solution.java. Using fallback presentation compiler.
2026.04.24 16:47:50 WARN  Running javac-semanticdb failed for file:///Users/alberto/eclipse-workspace/LeetCode/Daily%20Question/2833.%20Furthest%20Point%20From%20Origin/Solution.java. Output:

2026.04.24 16:47:56 INFO  no build target found for /Users/alberto/eclipse-workspace/LeetCode/Daily Question/2833. Furthest Point From Origin/Solution.java. Using fallback presentation compiler.
2026.04.24 16:47:56 INFO  no build target found for /Users/alberto/eclipse-workspace/LeetCode/Daily Question/2833. Furthest Point From Origin/Solution.java. Using fallback presentation compiler.
2026.04.24 16:47:58 INFO  no build target found for /Users/alberto/eclipse-workspace/LeetCode/Daily Question/2833. Furthest Point From Origin/Solution.java. Using fallback presentation compiler.
2026.04.24 16:47:58 INFO  no build target found for /Users/alberto/eclipse-workspace/LeetCode/Daily Question/2833. Furthest Point From Origin/Solution.java. Using fallback presentation compiler.
2026.04.24 16:48:00 INFO  no build target found for /Users/alberto/eclipse-workspace/LeetCode/Daily Question/2833. Furthest Point From Origin/Solution.java. Using fallback presentation compiler.
abr 24, 2026 4:48:00 P.M. org.eclipse.lsp4j.jsonrpc.RemoteEndpoint handleCancellation
WARNING: Unmatched cancel notification for request id 13
abr 24, 2026 4:48:00 P.M. org.eclipse.lsp4j.jsonrpc.RemoteEndpoint handleCancellation
WARNING: Unmatched cancel notification for request id 16
2026.04.24 16:48:00 INFO  no build target found for /Users/alberto/eclipse-workspace/LeetCode/Daily Question/2833. Furthest Point From Origin/Solution.java. Using fallback presentation compiler.
2026.04.24 16:48:03 WARN  Running javac-semanticdb failed for file:///Users/alberto/eclipse-workspace/LeetCode/Daily%20Question/2833.%20Furthest%20Point%20From%20Origin/Solution.java. Output:

2026.04.24 16:48:16 INFO  no build target found for /Users/alberto/eclipse-workspace/LeetCode/Daily Question/2833. Furthest Point From Origin/Solution.java. Using fallback presentation compiler.
2026.04.24 16:48:16 INFO  no build target found for /Users/alberto/eclipse-workspace/LeetCode/Daily Question/2833. Furthest Point From Origin/Solution.java. Using fallback presentation compiler.
2026.04.24 16:48:17 INFO  no build target found for /Users/alberto/eclipse-workspace/LeetCode/Daily Question/2833. Furthest Point From Origin/Solution.java. Using fallback presentation compiler.
2026.04.24 16:48:19 INFO  no build target found for /Users/alberto/eclipse-workspace/LeetCode/Daily Question/2833. Furthest Point From Origin/Solution.java. Using fallback presentation compiler.
2026.04.24 16:48:19 INFO  no build target found for /Users/alberto/eclipse-workspace/LeetCode/Daily Question/2833. Furthest Point From Origin/Solution.java. Using fallback presentation compiler.
2026.04.24 16:48:20 INFO  no build target found for /Users/alberto/eclipse-workspace/LeetCode/Daily Question/2833. Furthest Point From Origin/Solution.java. Using fallback presentation compiler.
2026.04.24 16:48:20 INFO  Created report: Optional[file:///Users/alberto/eclipse-workspace/LeetCode/Daily%20Question/2833.%20Furthest%20Point%20From%20Origin/Solution.java]
2026.04.24 16:48:20 INFO  empty definition using pc, found symbol in pc: java/lang/String#charAt(). (full report at: "/Users/alberto/eclipse-workspace/LeetCode/.metals/.reports/metals-full/2026-04-24/r_empty-definition_16-48-20-551.md")
2026.04.24 16:48:20 INFO  no build target found for /Users/alberto/eclipse-workspace/LeetCode/Daily Question/2833. Furthest Point From Origin/Solution.java. Using fallback presentation compiler.
2026.04.24 16:48:22 INFO  no build target found for /Users/alberto/eclipse-workspace/LeetCode/Daily Question/2833. Furthest Point From Origin/Solution.java. Using fallback presentation compiler.
2026.04.24 16:48:22 INFO  no build target found for /Users/alberto/eclipse-workspace/LeetCode/Daily Question/2833. Furthest Point From Origin/Solution.java. Using fallback presentation compiler.
2026.04.24 16:48:23 INFO  no build target found for /Users/alberto/eclipse-workspace/LeetCode/Daily Question/2833. Furthest Point From Origin/Solution.java. Using fallback presentation compiler.
2026.04.24 16:48:23 INFO  no build target found for /Users/alberto/eclipse-workspace/LeetCode/Daily Question/2833. Furthest Point From Origin/Solution.java. Using fallback presentation compiler.
2026.04.24 16:48:24 INFO  no build target found for /Users/alberto/eclipse-workspace/LeetCode/Daily Question/2833. Furthest Point From Origin/Solution.java. Using fallback presentation compiler.
2026.04.24 16:48:25 INFO  no build target found for /Users/alberto/eclipse-workspace/LeetCode/Daily Question/2833. Furthest Point From Origin/Solution.java. Using fallback presentation compiler.
2026.04.24 16:48:24 INFO  no build target found for /Users/alberto/eclipse-workspace/LeetCode/Daily Question/2833. Furthest Point From Origin/Solution.java. Using fallback presentation compiler.
abr 24, 2026 4:48:25 P.M. org.eclipse.lsp4j.jsonrpc.RemoteEndpoint handleCancellation
WARNING: Unmatched cancel notification for request id 36
2026.04.24 16:48:24 INFO  no build target found for /Users/alberto/eclipse-workspace/LeetCode/Daily Question/2833. Furthest Point From Origin/Solution.java. Using fallback presentation compiler.
2026.04.24 16:48:27 INFO  no build target found for /Users/alberto/eclipse-workspace/LeetCode/Daily Question/2833. Furthest Point From Origin/Solution.java. Using fallback presentation compiler.
2026.04.24 16:48:27 INFO  no build target found for /Users/alberto/eclipse-workspace/LeetCode/Daily Question/2833. Furthest Point From Origin/Solution.java. Using fallback presentation compiler.
abr 24, 2026 4:48:29 P.M. org.eclipse.lsp4j.jsonrpc.RemoteEndpoint handleCancellation
WARNING: Unmatched cancel notification for request id 38
2026.04.24 16:48:29 INFO  no build target found for /Users/alberto/eclipse-workspace/LeetCode/Daily Question/2833. Furthest Point From Origin/Solution.java. Using fallback presentation compiler.
2026.04.24 16:48:29 INFO  no build target found for /Users/alberto/eclipse-workspace/LeetCode/Daily Question/2833. Furthest Point From Origin/Solution.java. Using fallback presentation compiler.
2026.04.24 16:48:30 INFO  no build target found for /Users/alberto/eclipse-workspace/LeetCode/Daily Question/2833. Furthest Point From Origin/Solution.java. Using fallback presentation compiler.
2026.04.24 16:48:29 INFO  no build target found for /Users/alberto/eclipse-workspace/LeetCode/Daily Question/2833. Furthest Point From Origin/Solution.java. Using fallback presentation compiler.
2026.04.24 16:48:29 INFO  no build target found for /Users/alberto/eclipse-workspace/LeetCode/Daily Question/2833. Furthest Point From Origin/Solution.java. Using fallback presentation compiler.
abr 24, 2026 4:48:30 P.M. org.eclipse.lsp4j.jsonrpc.RemoteEndpoint handleCancellation
WARNING: Unmatched cancel notification for request id 43
2026.04.24 16:48:29 INFO  no build target found for /Users/alberto/eclipse-workspace/LeetCode/Daily Question/2833. Furthest Point From Origin/Solution.java. Using fallback presentation compiler.
2026.04.24 16:48:30 INFO  no build target found for /Users/alberto/eclipse-workspace/LeetCode/Daily Question/2833. Furthest Point From Origin/Solution.java. Using fallback presentation compiler.
2026.04.24 16:48:29 INFO  no build target found for /Users/alberto/eclipse-workspace/LeetCode/Daily Question/2833. Furthest Point From Origin/Solution.java. Using fallback presentation compiler.
2026.04.24 16:48:31 INFO  no build target found for /Users/alberto/eclipse-workspace/LeetCode/Daily Question/2833. Furthest Point From Origin/Solution.java. Using fallback presentation compiler.
2026.04.24 16:48:31 WARN  Running javac-semanticdb failed for file:///Users/alberto/eclipse-workspace/LeetCode/Daily%20Question/2833.%20Furthest%20Point%20From%20Origin/Solution.java. Output:

2026.04.24 16:48:31 INFO  no build target found for /Users/alberto/eclipse-workspace/LeetCode/Daily Question/2833. Furthest Point From Origin/Solution.java. Using fallback presentation compiler.
2026.04.24 16:48:31 INFO  no build target found for /Users/alberto/eclipse-workspace/LeetCode/Daily Question/2833. Furthest Point From Origin/Solution.java. Using fallback presentation compiler.
2026.04.24 16:48:33 INFO  no build target found for /Users/alberto/eclipse-workspace/LeetCode/Daily Question/2833. Furthest Point From Origin/Solution.java. Using fallback presentation compiler.
2026.04.24 16:48:33 INFO  no build target found for /Users/alberto/eclipse-workspace/LeetCode/Daily Question/2833. Furthest Point From Origin/Solution.java. Using fallback presentation compiler.
2026.04.24 16:48:33 INFO  no build target found for /Users/alberto/eclipse-workspace/LeetCode/Daily Question/2833. Furthest Point From Origin/Solution.java. Using fallback presentation compiler.
2026.04.24 16:48:33 INFO  no build target found for /Users/alberto/eclipse-workspace/LeetCode/Daily Question/2833. Furthest Point From Origin/Solution.java. Using fallback presentation compiler.
2026.04.24 16:48:35 INFO  no build target found for /Users/alberto/eclipse-workspace/LeetCode/Daily Question/2833. Furthest Point From Origin/Solution.java. Using fallback presentation compiler.
2026.04.24 16:48:35 INFO  no build target found for /Users/alberto/eclipse-workspace/LeetCode/Daily Question/2833. Furthest Point From Origin/Solution.java. Using fallback presentation compiler.
2026.04.24 16:48:35 INFO  no build target found for /Users/alberto/eclipse-workspace/LeetCode/Daily Question/2833. Furthest Point From Origin/Solution.java. Using fallback presentation compiler.
2026.04.24 16:48:35 INFO  no build target found for /Users/alberto/eclipse-workspace/LeetCode/Daily Question/2833. Furthest Point From Origin/Solution.java. Using fallback presentation compiler.
2026.04.24 16:48:36 WARN  Running javac-semanticdb failed for file:///Users/alberto/eclipse-workspace/LeetCode/Daily%20Question/2833.%20Furthest%20Point%20From%20Origin/Solution.java. Output:

2026.04.24 16:48:36 INFO  no build target found for /Users/alberto/eclipse-workspace/LeetCode/Daily Question/2833. Furthest Point From Origin/Solution.java. Using fallback presentation compiler.
2026.04.24 16:48:37 INFO  no build target found for /Users/alberto/eclipse-workspace/LeetCode/Daily Question/2833. Furthest Point From Origin/Solution.java. Using fallback presentation compiler.
2026.04.24 16:48:37 WARN  Running javac-semanticdb failed for file:///Users/alberto/eclipse-workspace/LeetCode/Daily%20Question/2833.%20Furthest%20Point%20From%20Origin/Solution.java. Output:

2026.04.24 16:48:37 INFO  no build target found for /Users/alberto/eclipse-workspace/LeetCode/Daily Question/2833. Furthest Point From Origin/Solution.java. Using fallback presentation compiler.
2026.04.24 16:48:37 INFO  no build target found for /Users/alberto/eclipse-workspace/LeetCode/Daily Question/2833. Furthest Point From Origin/Solution.java. Using fallback presentation compiler.
2026.04.24 16:48:37 INFO  no build target found for /Users/alberto/eclipse-workspace/LeetCode/Daily Question/2833. Furthest Point From Origin/Solution.java. Using fallback presentation compiler.
2026.04.24 16:48:38 INFO  no build target found for /Users/alberto/eclipse-workspace/LeetCode/Daily Question/2833. Furthest Point From Origin/Solution.java. Using fallback presentation compiler.
2026.04.24 16:48:38 WARN  Running javac-semanticdb failed for file:///Users/alberto/eclipse-workspace/LeetCode/Daily%20Question/2833.%20Furthest%20Point%20From%20Origin/Solution.java. Output:

2026.04.24 16:49:10 INFO  no build target found for /Users/alberto/eclipse-workspace/LeetCode/Daily Question/2452. Words Within Two Edits of Dictionary/Solution.java. Using fallback presentation compiler.
abr 24, 2026 4:51:27 P.M. org.eclipse.lsp4j.jsonrpc.services.GenericEndpoint notify
INFO: Unsupported notification method: $/setTrace
2026.04.24 16:53:50 WARN  no build target for: /Users/alberto/eclipse-workspace/LeetCode/Daily Question/2833. Furthest Point From Origin/Solution.java
2026.04.24 16:54:08 INFO  no build target found for /Users/alberto/eclipse-workspace/LeetCode/Daily Question/2833. Furthest Point From Origin/Solution.java. Using fallback presentation compiler.
2026.04.24 16:54:15 INFO  Shutting down server
2026.04.24 16:54:15 INFO  Memory monitor stopped
2026.04.24 16:54:15 INFO  shutting down Metals
2026.04.24 16:54:15 INFO  Exiting server
2026.05.03 17:16:50 INFO  Started: Metals version 1.6.7 in folders '/Users/alberto/eclipse-workspace/LeetCode' for client Visual Studio Code 1.116.0.
2026.05.03 17:16:50 INFO  Memory monitor started
2026.05.03 17:16:56 WARN  Using H2 2.4.240 which is newer than the version Flyway has been verified with. The latest verified version of H2 is 2.3.232.
2026.05.03 17:16:57 INFO  no build target found for /Users/alberto/eclipse-workspace/LeetCode/Daily Question/796. Rotate String/Solution.java. Using fallback presentation compiler.
2026.05.03 17:16:59 INFO  no build target found for /Users/alberto/eclipse-workspace/LeetCode/Daily Question/796. Rotate String/Solution.java. Using fallback presentation compiler.
2026.05.03 17:16:59 WARN  no build tool detected in workspace '/Users/alberto/eclipse-workspace/LeetCode'. The most common cause for this problem is that the editor was opened in the wrong working directory, for example if you use sbt then the workspace directory should contain build.sbt. 
2026.05.03 17:16:59 WARN  Build server is not auto-connectable.
2026.05.03 17:16:59 WARN  no build target for: /Users/alberto/eclipse-workspace/LeetCode/Daily Question/796. Rotate String/Solution.java
2026.05.03 17:16:59 INFO  no build target found for /Users/alberto/eclipse-workspace/LeetCode/Daily Question/796. Rotate String/Solution.java. Using fallback presentation compiler.
2026.05.03 17:17:00 WARN  Running javac-semanticdb failed for file:///Users/alberto/eclipse-workspace/LeetCode/Daily%20Question/796.%20Rotate%20String/Solution.java. Output:

2026.05.03 17:17:01 INFO  time: code lens generation in 1.77s
may 03, 2026 5:17:31 P.M. org.eclipse.lsp4j.jsonrpc.services.GenericEndpoint notify
INFO: Unsupported notification method: $/setTrace
2026.05.03 17:20:29 WARN  no build target for: /Users/alberto/eclipse-workspace/LeetCode/Daily Question/796. Rotate String/Solution.java
2026.05.03 17:28:14 INFO  Shutting down server
2026.05.03 17:28:14 INFO  Memory monitor stopped
2026.05.03 17:28:14 INFO  shutting down Metals
2026.05.03 17:28:14 INFO  Exiting server
2026.05.04 18:21:26 INFO  Started: Metals version 1.6.7 in folders '/Users/alberto/eclipse-workspace/LeetCode' for client Visual Studio Code 1.118.1.
2026.05.04 18:21:26 INFO  Memory monitor started
2026.05.04 18:21:38 WARN  Using H2 2.4.240 which is newer than the version Flyway has been verified with. The latest verified version of H2 is 2.3.232.
2026.05.04 18:21:41 INFO  no build target found for /Users/alberto/eclipse-workspace/LeetCode/Daily Question/48. Rotate Image/Solution.java. Using fallback presentation compiler.
may 04, 2026 6:21:42 P.M. org.eclipse.lsp4j.jsonrpc.RemoteEndpoint handleCancellation
WARNING: Unmatched cancel notification for request id 2
may 04, 2026 6:21:42 P.M. org.eclipse.lsp4j.jsonrpc.RemoteEndpoint handleCancellation
WARNING: Unmatched cancel notification for request id 3
may 04, 2026 6:21:42 P.M. org.eclipse.lsp4j.jsonrpc.RemoteEndpoint handleCancellation
WARNING: Unmatched cancel notification for request id 5
may 04, 2026 6:21:42 P.M. org.eclipse.lsp4j.jsonrpc.RemoteEndpoint handleCancellation
WARNING: Unmatched cancel notification for request id 1
2026.05.04 18:21:43 WARN  no build tool detected in workspace '/Users/alberto/eclipse-workspace/LeetCode'. The most common cause for this problem is that the editor was opened in the wrong working directory, for example if you use sbt then the workspace directory should contain build.sbt. 
2026.05.04 18:21:43 WARN  Build server is not auto-connectable.
2026.05.04 18:21:43 WARN  no build target for: /Users/alberto/eclipse-workspace/LeetCode/Daily Question/796. Rotate String/Solution.java
2026.05.04 18:21:43 WARN  no build target for: /Users/alberto/eclipse-workspace/LeetCode/Daily Question/48. Rotate Image/Solution.java
2026.05.04 18:21:44 WARN  Running javac-semanticdb failed for file:///Users/alberto/eclipse-workspace/LeetCode/Daily%20Question/48.%20Rotate%20Image/Solution.java. Output:

2026.05.04 18:21:44 WARN  Running javac-semanticdb failed for file:///Users/alberto/eclipse-workspace/LeetCode/Daily%20Question/796.%20Rotate%20String/Solution.java. Output:

2026.05.04 18:21:44 INFO  time: code lens generation in 1.65s
2026.05.04 18:21:44 INFO  time: code lens generation in 1.65s
may 04, 2026 6:21:49 P.M. org.eclipse.lsp4j.jsonrpc.services.GenericEndpoint notify
INFO: Unsupported notification method: $/setTrace
2026.05.04 18:23:41 WARN  no build target for: /Users/alberto/eclipse-workspace/LeetCode/Daily Question/48. Rotate Image/Solution.java
2026.05.04 18:23:49 INFO  no build target found for /Users/alberto/eclipse-workspace/LeetCode/Daily Question/796. Rotate String/Solution.java. Using fallback presentation compiler.
2026.05.04 18:26:48 INFO  no build target found for /Users/alberto/eclipse-workspace/LeetCode/Daily Question/48. Rotate Image/Solution.java. Using fallback presentation compiler.
2026.05.04 19:16:23 INFO  Shutting down server
2026.05.04 19:16:23 INFO  Memory monitor stopped
2026.05.04 19:16:23 INFO  shutting down Metals
2026.05.04 19:16:23 INFO  Exiting server
2026.05.11 20:20:31 INFO  Started: Metals version 1.6.7 in folders '/Users/alberto/eclipse-workspace/LeetCode' for client Visual Studio Code 1.118.1.
2026.05.11 20:20:31 INFO  Memory monitor started
2026.05.11 20:20:40 WARN  Using H2 2.4.240 which is newer than the version Flyway has been verified with. The latest verified version of H2 is 2.3.232.
may 11, 2026 8:20:41 P.M. org.eclipse.lsp4j.jsonrpc.services.GenericEndpoint notify
INFO: Unsupported notification method: $/setTrace
2026.05.11 20:20:41 WARN  no build tool detected in workspace '/Users/alberto/eclipse-workspace/LeetCode'. The most common cause for this problem is that the editor was opened in the wrong working directory, for example if you use sbt then the workspace directory should contain build.sbt. 
2026.05.11 20:20:41 WARN  Build server is not auto-connectable.
2026.05.11 20:20:41 WARN  no build target for: /Users/alberto/eclipse-workspace/LeetCode/Daily Question/2553. Separate the Digits in an Array/Solution.java
2026.05.11 20:20:43 WARN  Running javac-semanticdb failed for file:///Users/alberto/eclipse-workspace/LeetCode/Daily%20Question/2553.%20Separate%20the%20Digits%20in%20an%20Array/Solution.java. Output:

2026.05.11 20:22:58 WARN  no build target for: /Users/alberto/eclipse-workspace/LeetCode/Daily Question/2553. Separate the Digits in an Array/Solution.java
2026.05.11 20:24:49 INFO  Shutting down server
2026.05.11 20:24:49 INFO  Memory monitor stopped
2026.05.11 20:24:49 INFO  shutting down Metals
2026.05.11 20:24:49 INFO  Exiting server
2026.05.20 16:44:29 INFO  Started: Metals version 1.6.7 in folders '/Users/alberto/eclipse-workspace/LeetCode' for client Visual Studio Code 1.118.1.
2026.05.20 16:44:29 INFO  Memory monitor started
2026.05.20 16:44:39 WARN  Using H2 2.4.240 which is newer than the version Flyway has been verified with. The latest verified version of H2 is 2.3.232.
2026.05.20 16:44:43 INFO  no build target found for /Users/alberto/eclipse-workspace/LeetCode/Daily Question/2657. Find the Prefix Common Array of Two Arrays/Solution.java. Using fallback presentation compiler.
may 20, 2026 4:44:46 P.M. org.eclipse.lsp4j.jsonrpc.RemoteEndpoint handleCancellation
WARNING: Unmatched cancel notification for request id 1
may 20, 2026 4:44:46 P.M. org.eclipse.lsp4j.jsonrpc.RemoteEndpoint handleCancellation
WARNING: Unmatched cancel notification for request id 2
2026.05.20 16:44:46 INFO  no build target found for /Users/alberto/eclipse-workspace/LeetCode/Daily Question/2657. Find the Prefix Common Array of Two Arrays/Solution.java. Using fallback presentation compiler.
may 20, 2026 4:44:47 P.M. org.eclipse.lsp4j.jsonrpc.RemoteEndpoint handleCancellation
WARNING: Unmatched cancel notification for request id 8
2026.05.20 16:44:46 INFO  no build target found for /Users/alberto/eclipse-workspace/LeetCode/Daily Question/2657. Find the Prefix Common Array of Two Arrays/Solution.java. Using fallback presentation compiler.
2026.05.20 16:44:46 INFO  no build target found for /Users/alberto/eclipse-workspace/LeetCode/Daily Question/2657. Find the Prefix Common Array of Two Arrays/Solution.java. Using fallback presentation compiler.
2026.05.20 16:44:47 WARN  no build tool detected in workspace '/Users/alberto/eclipse-workspace/LeetCode'. The most common cause for this problem is that the editor was opened in the wrong working directory, for example if you use sbt then the workspace directory should contain build.sbt. 
2026.05.20 16:44:47 WARN  Build server is not auto-connectable.
2026.05.20 16:44:47 WARN  no build target for: /Users/alberto/eclipse-workspace/LeetCode/Daily Question/2657. Find the Prefix Common Array of Two Arrays/Solution.java
2026.05.20 16:44:47 WARN  no build target for: /Users/alberto/eclipse-workspace/LeetCode/Daily Question/2553. Separate the Digits in an Array/Solution.java
2026.05.20 16:44:47 INFO  no build target found for /Users/alberto/eclipse-workspace/LeetCode/Daily Question/2657. Find the Prefix Common Array of Two Arrays/Solution.java. Using fallback presentation compiler.
may 20, 2026 4:44:48 P.M. org.eclipse.lsp4j.jsonrpc.RemoteEndpoint handleCancellation
WARNING: Unmatched cancel notification for request id 9
may 20, 2026 4:44:48 P.M. org.eclipse.lsp4j.jsonrpc.RemoteEndpoint handleCancellation
WARNING: Unmatched cancel notification for request id 10
may 20, 2026 4:44:48 P.M. org.eclipse.lsp4j.jsonrpc.RemoteEndpoint handleCancellation
WARNING: Unmatched cancel notification for request id 11
may 20, 2026 4:44:48 P.M. org.eclipse.lsp4j.jsonrpc.RemoteEndpoint handleCancellation
WARNING: Unmatched cancel notification for request id 3
may 20, 2026 4:44:48 P.M. org.eclipse.lsp4j.jsonrpc.RemoteEndpoint handleCancellation
WARNING: Unmatched cancel notification for request id 5
may 20, 2026 4:44:48 P.M. org.eclipse.lsp4j.jsonrpc.RemoteEndpoint handleCancellation
WARNING: Unmatched cancel notification for request id 7
2026.05.20 16:44:49 WARN  Running javac-semanticdb failed for file:///Users/alberto/eclipse-workspace/LeetCode/Daily%20Question/2657.%20Find%20the%20Prefix%20Common%20Array%20of%20Two%20Arrays/Solution.java. Output:

2026.05.20 16:44:49 INFO  time: code lens generation in 2.32s
2026.05.20 16:44:50 WARN  Running javac-semanticdb failed for file:///Users/alberto/eclipse-workspace/LeetCode/Daily%20Question/2553.%20Separate%20the%20Digits%20in%20an%20Array/Solution.java. Output:

may 20, 2026 4:44:58 P.M. org.eclipse.lsp4j.jsonrpc.services.GenericEndpoint notify
INFO: Unsupported notification method: $/setTrace
2026.05.20 16:46:35 WARN  no build target for: /Users/alberto/eclipse-workspace/LeetCode/Daily Question/2657. Find the Prefix Common Array of Two Arrays/Solution.java
2026.05.20 16:46:52 INFO  no build target found for /Users/alberto/eclipse-workspace/LeetCode/Daily Question/2553. Separate the Digits in an Array/Solution.java. Using fallback presentation compiler.
2026.05.20 16:47:24 INFO  Shutting down server
2026.05.20 16:47:24 INFO  Memory monitor stopped
2026.05.20 16:47:24 INFO  shutting down Metals
2026.05.20 16:47:24 INFO  Exiting server
2026.05.29 17:17:04 INFO  Started: Metals version 1.6.7 in folders '/Users/alberto/eclipse-workspace/LeetCode' for client Visual Studio Code 1.121.0.
2026.05.29 17:17:05 INFO  Memory monitor started
2026.05.29 17:17:16 WARN  Using H2 2.4.240 which is newer than the version Flyway has been verified with. The latest verified version of H2 is 2.3.232.
2026.05.29 17:17:19 INFO  no build target found for /Users/alberto/eclipse-workspace/LeetCode/Daily Question/3300. Minimum Element After Replacement With Digit Sum/Solution.java. Using fallback presentation compiler.
may 29, 2026 5:17:24 P.M. org.eclipse.lsp4j.jsonrpc.RemoteEndpoint handleCancellation
WARNING: Unmatched cancel notification for request id 2
may 29, 2026 5:17:24 P.M. org.eclipse.lsp4j.jsonrpc.RemoteEndpoint handleCancellation
WARNING: Unmatched cancel notification for request id 5
may 29, 2026 5:17:24 P.M. org.eclipse.lsp4j.jsonrpc.RemoteEndpoint handleCancellation
WARNING: Unmatched cancel notification for request id 1
may 29, 2026 5:17:24 P.M. org.eclipse.lsp4j.jsonrpc.services.GenericEndpoint notify
INFO: Unsupported notification method: $/setTrace
2026.05.29 17:17:25 WARN  no build tool detected in workspace '/Users/alberto/eclipse-workspace/LeetCode'. The most common cause for this problem is that the editor was opened in the wrong working directory, for example if you use sbt then the workspace directory should contain build.sbt. 
2026.05.29 17:17:25 WARN  Build server is not auto-connectable.
2026.05.29 17:17:25 WARN  no build target for: /Users/alberto/eclipse-workspace/LeetCode/Daily Question/2657. Find the Prefix Common Array of Two Arrays/Solution.java
2026.05.29 17:17:25 WARN  no build target for: /Users/alberto/eclipse-workspace/LeetCode/Daily Question/3300. Minimum Element After Replacement With Digit Sum/Solution.java
2026.05.29 17:17:25 WARN  no build target for: /Users/alberto/eclipse-workspace/LeetCode/Daily Question/2553. Separate the Digits in an Array/Solution.java
2026.05.29 17:17:27 WARN  Running javac-semanticdb failed for file:///Users/alberto/eclipse-workspace/LeetCode/Daily%20Question/2657.%20Find%20the%20Prefix%20Common%20Array%20of%20Two%20Arrays/Solution.java. Output:

2026.05.29 17:17:28 WARN  Running javac-semanticdb failed for file:///Users/alberto/eclipse-workspace/LeetCode/Daily%20Question/2553.%20Separate%20the%20Digits%20in%20an%20Array/Solution.java. Output:

2026.05.29 17:17:28 WARN  Running javac-semanticdb failed for file:///Users/alberto/eclipse-workspace/LeetCode/Daily%20Question/3300.%20Minimum%20Element%20After%20Replacement%20With%20Digit%20Sum/Solution.java. Output:

2026.05.29 17:19:05 WARN  no build target for: /Users/alberto/eclipse-workspace/LeetCode/Daily Question/3300. Minimum Element After Replacement With Digit Sum/Solution.java
